Traceback (most recent call last):
  File "/home/vbarra/.local/share/pipx/venvs/jupyter-book/lib/python3.12/site-packages/jupyter_core/utils/__init__.py", line 154, in wrapped
    asyncio.get_running_loop()
RuntimeError: no running event loop

During handling of the above exception, another exception occurred:

Traceback (most recent call last):
  File "/home/vbarra/.local/share/pipx/venvs/jupyter-book/lib/python3.12/site-packages/jupyter_cache/executors/utils.py", line 58, in single_nb_execution
    executenb(
  File "/home/vbarra/.local/share/pipx/venvs/jupyter-book/lib/python3.12/site-packages/nbclient/client.py", line 1319, in execute
    return NotebookClient(nb=nb, resources=resources, km=km, **kwargs).execute()
           ^^^^^^^^^^^^^^^^^^^^^^^^^^^^^^^^^^^^^^^^^^^^^^^^^^^^^^^^^^^^^^^^^^^^^
  File "/home/vbarra/.local/share/pipx/venvs/jupyter-book/lib/python3.12/site-packages/jupyter_core/utils/__init__.py", line 158, in wrapped
    return loop.run_until_complete(inner)
           ^^^^^^^^^^^^^^^^^^^^^^^^^^^^^^
  File "/usr/lib/python3.12/asyncio/base_events.py", line 687, in run_until_complete
    return future.result()
           ^^^^^^^^^^^^^^^
  File "/home/vbarra/.local/share/pipx/venvs/jupyter-book/lib/python3.12/site-packages/nbclient/client.py", line 709, in async_execute
    await self.async_execute_cell(
  File "/home/vbarra/.local/share/pipx/venvs/jupyter-book/lib/python3.12/site-packages/nbclient/client.py", line 1062, in async_execute_cell
    await self._check_raise_for_error(cell, cell_index, exec_reply)
  File "/home/vbarra/.local/share/pipx/venvs/jupyter-book/lib/python3.12/site-packages/nbclient/client.py", line 918, in _check_raise_for_error
    raise CellExecutionError.from_cell_and_msg(cell, exec_reply_content)
nbclient.exceptions.CellExecutionError: An error occurred while executing the following cell:
------------------
fhat = fft(f) # built-in Julia function int the FastTransforms package
scatter([abs.(fhat), abs.(fftshift(fhat))], marker=[:square :circle])
------------------


UndefVarError: `fft` not defined

Stacktrace:
 [1] top-level scope
[90m   @[39m [90m[4mIn[7]:1[24m[39m

